<?xml version="1.0" encoding="UTF-8"?>
<!-- Generated by org.testng.reporters.JUnitReportReporter -->
<testsuite skipped="0" hostname="LAPTOP-80E6C85S" name="runners.GoogleRunner" tests="2" failures="1" timestamp="13 Dec 2022 07:17:07 GMT" time="20.768" errors="0">
  <testcase name="runScenario" time="8.751" classname="runners.GoogleRunner">
    <failure type="java.lang.AssertionError" message="expected [Selenium Tutorial - Google Search--] but found [Selenium Tutorial - Google Search]">
      <![CDATA[java.lang.AssertionError: expected [Selenium Tutorial - Google Search--] but found [Selenium Tutorial - Google Search]
at org.testng.Assert.fail(Assert.java:96)
at org.testng.Assert.failNotEquals(Assert.java:776)
at org.testng.Assert.assertEqualsImpl(Assert.java:137)
at org.testng.Assert.assertEquals(Assert.java:118)
at org.testng.Assert.assertEquals(Assert.java:453)
at org.testng.Assert.assertEquals(Assert.java:463)
at stepDefs.GoogleStepDef.should_display_selenium_tutorial(GoogleStepDef.java:46)
at ✽.Should display Selenium Tutorial(file:///E:/Eclipse/CucumberE2/src/test/resources/Features/google.feature:32)
]]>
    </failure>
  </testcase> <!-- runScenario -->
  <testcase name="runScenario" time="12.017" classname="runners.GoogleRunner"/>
</testsuite> <!-- runners.GoogleRunner -->
